[2025-09-30 17:05:18.221936] INICIADO: Informações do Sistema
Comando: systeminfo
Saída:

Nome do host:                              SMT0120-WK03
Nome do sistema operacional:               Microsoft Windows 11 Home Single Language
Versão do sistema operacional:             10.0.22631 N/A compilação 22631
Fabricante do sistema operacional:         Microsoft Corporation
Configuração do SO:                        Estação de trabalho autônoma
Tipo de compilação do sistema operacional: Multiprocessor Free
Proprietário registrado:                   SMILE
Organização registrada:                    
Identificação do produto:                  00327-31001-12350-AAOEM
Data da instalação original:               29/09/2025, 11:18:54
Tempo de Inicialização do Sistema:         30/09/2025, 08:13:10
Fabricante do sistema:                     LENOVO
Modelo do sistema:                         82DJ
Tipo de sistema:                           x64-based PC
Processador(es):                           1 processador(es) instalado(s).
                                           [01]: Intel64 Family 6 Model 126 Stepping 5 GenuineIntel ~991 Mhz
Versão do BIOS:                            LENOVO DKCN51WW, 23/12/2020
Pasta do Windows:                          C:\Windows
Pasta do sistema:                          C:\Windows\system32
Inicializar dispositivo:                   \Device\HarddiskVolume1
Localidade do sistema:                     pt-br;Português (Brasil)
Localidade de entrada:                     pt-br;Português (Brasil)
Fuso horário:                              (UTC-03:00) Brasília
Memória física total:                      7.987 MB
Memória física disponível:                 1.320 MB
Memória Virtual: Tamanho Máximo:           9.907 MB
Memória Virtual: Disponível:               1.206 MB
Memória Virtual: Em Uso:                   8.701 MB
Local(is) de arquivo de paginação:         C:\pagefile.sys
Domínio:                                   WORKGROUP
Servidor de Logon:                         \\SMT0120-WK03
Hotfix(es):                                5 hotfix(es) instalado(s).
                                           [01]: KB5032007
                                           [02]: KB5064403
                                           [03]: KB5027397
                                           [04]: KB5065431
                                           [05]: KB5064743
Placa(s) de Rede:                          2 NIC(s) instalado(s).
                                           [01]: Bluetooth Device (Personal Area Network)
                                                 Nome da conexão: Conexão de Rede Bluetooth
                                                 Status:          Mídia desconectada
                                           [02]: Qualcomm Atheros QCA9377 Wireless Network Adapter
                                                 Nome da conexão: Wi-Fi
                                                 DHCP ativado:    Sim
                                                 Servidor DHCP:   192.168.18.1
                                                 Endereço(es) IP
                                                 [01]: 192.168.18.119
                                                 [02]: fe80::8e52:eb58:759c:7866
Requisitos do Hyper-V:                     Extensão de Modo de Monitor VM: Sim
                                           Virtualização Habilitada no Firmware: Sim
                                           Conversão de Endereços de Segundo Nível: Sim
                                           Prevenção de Execução de Dados Disponível: Sim

Status: CONCLUÍDO
==================================================
[2025-09-30 17:06:42.341497] INICIADO: Configuração de Rede
Comando: ipconfig /all
Saída:

Configuração de IP do Windows

   Nome do host. . . . . . . . . . . . . . . . : SMT0120-WK03
   Sufixo DNS primário . . . . . . . . . . . . : 
   Tipo de nó. . . . . . . . . . . . . . . . . : híbrido
   Roteamento de IP ativado. . . . . . . . . . : não
   Proxy WINS ativado. . . . . . . . . . . . . : não

Adaptador de Rede sem Fio Conexão Local* 1:

   Estado da mídia. . . . . . . . . . . . . .  : mídia desconectada
   Sufixo DNS específico de conexão. . . . . . : 
   Descrição . . . . . . . . . . . . . . . . . : Microsoft Wi-Fi Direct Virtual Adapter
   Endereço Físico . . . . . . . . . . . . . . : A6-63-A1-6E-AC-99
   DHCP Habilitado . . . . . . . . . . . . . . : Sim
   Configuração Automática Habilitada. . . . . : Sim

Adaptador de Rede sem Fio Conexão Local* 10:

   Estado da mídia. . . . . . . . . . . . . .  : mídia desconectada
   Sufixo DNS específico de conexão. . . . . . : 
   Descrição . . . . . . . . . . . . . . . . . : Microsoft Wi-Fi Direct Virtual Adapter #2
   Endereço Físico . . . . . . . . . . . . . . : B6-63-A1-6E-AC-99
   DHCP Habilitado . . . . . . . . . . . . . . : Sim
   Configuração Automática Habilitada. . . . . : Sim

Adaptador de Rede sem Fio Wi-Fi:

   Sufixo DNS específico de conexão. . . . . . : 
   Descrição . . . . . . . . . . . . . . . . . : Qualcomm Atheros QCA9377 Wireless Network Adapter
   Endereço Físico . . . . . . . . . . . . . . : A4-63-A1-6E-AC-99
   DHCP Habilitado . . . . . . . . . . . . . . : Sim
   Configuração Automática Habilitada. . . . . : Sim
   Endereço IPv6 de link local . . . . . . . . : fe80::8e52:eb58:759c:7866%11(Preferencial) 
   Endereço IPv4. . . . . . . .  . . . . . . . : 192.168.18.119(Preferencial) 
   Máscara de Sub-rede . . . . . . . . . . . . : 255.255.255.0
   Concessão Obtida. . . . . . . . . . . . . . : terça-feira, 30 de setembro de 2025 08:13:24
   Concessão Expira. . . . . . . . . . . . . . : quarta-feira, 1 de outubro de 2025 13:03:56
   Gateway Padrão. . . . . . . . . . . . . . . : 192.168.18.1
   Servidor DHCP . . . . . . . . . . . . . . . : 192.168.18.1
   IAID de DHCPv6. . . . . . . . . . . . . . . : 128213921
   DUID de Cliente DHCPv6. . . . . . . . . . . : 00-01-00-01-30-6C-4E-90-A4-63-A1-6E-AC-99
   Servidores DNS. . . . . . . . . . . . . . . : 8.8.8.8
                                                 8.8.4.4
   NetBIOS em Tcpip. . . . . . . . . . . . . . : Habilitado

Adaptador Ethernet Conexão de Rede Bluetooth:

   Estado da mídia. . . . . . . . . . . . . .  : mídia desconectada
   Sufixo DNS específico de conexão. . . . . . : 
   Descrição . . . . . . . . . . . . . . . . . : Bluetooth Device (Personal Area Network)
   Endereço Físico . . . . . . . . . . . . . . : A4-63-A1-6E-AC-9A
   DHCP Habilitado . . . . . . . . . . . . . . : Sim
   Configuração Automática Habilitada. . . . . : Sim

Status: CONCLUÍDO
==================================================
[2025-09-30 17:08:37.683164] INICIADO: Informações de Discos
Comando: wmic logicaldisk get name,size,freespace
Saída:
FreeSpace      Name  Size           

196114739200   C:    255035699200   

1204139589632  Y:    1956285206528  

1204139589632  Z:    1956285206528  




Status: CONCLUÍDO
==================================================
[2025-09-30 17:12:02.361653] INICIADO: Ativar Windows
Comando: powershell -Command "irm https://get.activated.win | iex"
Saída:

Need help? Check our homepage: https://massgrave.dev


Status: CONCLUÍDO
==================================================
[2025-09-30 17:18:01.697550] INICIADO: Processos em Execução
Comando: tasklist
Saída:

Nome da imagem            Identifi Nome da sessão       Sessão# Uso de memór
========================= ======== ================ =========== ============
System Idle Process              0 Services                   0          8 K
System                           4 Services                   0      1.880 K
Registry                       152 Services                   0     51.128 K
smss.exe                       564 Services                   0      1.108 K
csrss.exe                      868 Services                   0      6.036 K
wininit.exe                    976 Services                   0      7.308 K
csrss.exe                      984 Console                    1      7.200 K
winlogon.exe                   644 Console                    1     13.244 K
services.exe                   900 Services                   0     10.140 K
lsass.exe                      988 Services                   0     23.272 K
svchost.exe                   1180 Services                   0     33.100 K
fontdrvhost.exe               1216 Services                   0      2.844 K
fontdrvhost.exe               1224 Console                    1      7.676 K
WUDFHost.exe                  1304 Services                   0     17.764 K
svchost.exe                   1364 Services                   0     17.352 K
svchost.exe                   1408 Services                   0     11.136 K
svchost.exe                   1524 Services                   0      7.792 K
svchost.exe                   1532 Services                   0     11.452 K
svchost.exe                   1540 Services                   0     12.692 K
svchost.exe                   1580 Services                   0     29.012 K
svchost.exe                   1680 Services                   0     10.004 K
svchost.exe                   1692 Services                   0      9.736 K
svchost.exe                   1752 Services                   0      7.540 K
IntelCpHDCPSvc.exe            1828 Services                   0      5.688 K
svchost.exe                   1840 Services                   0      8.868 K
svchost.exe                   1872 Services                   0      5.584 K
svchost.exe                   1912 Services                   0     10.368 K
svchost.exe                   1936 Services                   0      7.360 K
svchost.exe                   1944 Services                   0      6.980 K
svchost.exe                   1452 Services                   0     15.444 K
svchost.exe                   1836 Services                   0      8.244 K
svchost.exe                   2100 Services                   0     14.900 K
dwm.exe                       2132 Console                    1    122.868 K
svchost.exe                   2228 Services                   0     12.960 K
igfxCUIServiceN.exe           2288 Services                   0     10.504 K
svchost.exe                   2416 Services                   0      6.796 K
svchost.exe                   2588 Services                   0     16.304 K
svchost.exe                   2712 Services                   0     17.128 K
svchost.exe                   2768 Services                   0      5.808 K
svchost.exe                   2776 Services                   0     12.120 K
ETDService.exe                2788 Services                   0      6.596 K
svchost.exe                   2796 Services                   0      9.144 K
svchost.exe                   2880 Services                   0      6.216 K
svchost.exe                   2936 Services                   0      8.652 K
svchost.exe                   2944 Services                   0      7.780 K
Memory Compression            2952 Services                   0    315.912 K
svchost.exe                   3208 Services                   0      6.424 K
svchost.exe                   3304 Services                   0     14.728 K
svchost.exe                   3336 Services                   0      7.164 K
svchost.exe                   3372 Services                   0     22.880 K
svchost.exe                   3404 Services                   0      6.664 K
svchost.exe                   3412 Services                   0      7.604 K
svchost.exe                   3420 Services                   0     10.100 K
svchost.exe                   3616 Services                   0      7.488 K
svchost.exe                   3760 Services                   0     17.976 K
svchost.exe                   3784 Services                   0     11.676 K
spoolsv.exe                   3832 Services                   0     14.224 K
svchost.exe                   3868 Services                   0     19.256 K
svchost.exe                   3928 Services                   0      7.908 K
svchost.exe                   4100 Services                   0     31.616 K
AnyDesk-21c6633b.exe          4108 Services                   0     13.024 K
AdminService.exe              4116 Services                   0      8.356 K
OneApp.IGCC.WinService.ex     4124 Services                   0     45.516 K
svchost.exe                   4132 Services                   0     10.116 K
RtkAudUService64.exe          4140 Services                   0      9.840 K
DAX3API.exe                   4148 Services                   0     10.712 K
QcomWlanSrvx64.exe            4164 Services                   0      5.676 K
LNBITSSvc.exe                 4176 Services                   0     14.588 K
svchost.exe                   4200 Services                   0     40.608 K
glpi-agent.exe                4224 Services                   0      7.660 K
svchost.exe                   4248 Services                   0      5.556 K
RstMwService.exe              4264 Services                   0      6.916 K
MpDefenderCoreService.exe     4292 Services                   0     19.516 K
MsMpEng.exe                   4300 Services                   0    315.432 K
svchost.exe                   4336 Services                   0     17.996 K
svchost.exe                   4372 Services                   0      9.232 K
svchost.exe                   4380 Services                   0     23.428 K
OfficeClickToRun.exe          4388 Services                   0     37.468 K
LMS.exe                       4400 Services                   0      9.900 K
esif_uf.exe                   4620 Services                   0      6.064 K
jhi_service.exe               4852 Services                   0      5.296 K
svchost.exe                   5396 Services                   0      8.188 K
AggregatorHost.exe            5024 Services                   0     12.856 K
unsecapp.exe                  1172 Services                   0      8.788 K
WmiPrvSE.exe                  4068 Services                   0     25.664 K
ETDCtrlHelper.exe             6176 Console                    1      9.240 K
ETDCtrl.exe                   6212 Console                    1     21.112 K
AutoModeDetect.exe            6224 Console                    1     11.676 K
conhost.exe                   6244 Console                    1      8.428 K
DAX3API.exe                   6364 Console                    1      9.748 K
ETDTouch.exe                  6588 Console                    1      6.048 K
sihost.exe                    6700 Console                    1     36.084 K
svchost.exe                   6732 Console                    1      8.476 K
svchost.exe                   6748 Console                    1     25.492 K
svchost.exe                   6812 Console                    1      7.988 K
svchost.exe                   6864 Console                    1     35.824 K
svchost.exe                   7012 Services                   0     20.984 K
taskhostw.exe                 4244 Console                    1     21.612 K
svchost.exe                   7024 Services                   0     19.824 K
igfxEMN.exe                   7688 Console                    1     14.320 K
explorer.exe                  7724 Console                    1    377.524 K
svchost.exe                   7304 Console                    1     23.232 K
svchost.exe                   7048 Services                   0     12.428 K
SearchHost.exe                7568 Console                    1    134.048 K
StartMenuExperienceHost.e     7348 Console                    1    111.760 K
RuntimeBroker.exe             8520 Console                    1     33.544 K
svchost.exe                   8552 Services                   0     14.008 K
RuntimeBroker.exe             8668 Console                    1     49.720 K
svchost.exe                   8908 Console                    1     17.344 K
svchost.exe                   4572 Services                   0     11.956 K
dllhost.exe                   9584 Console                    1     18.276 K
ctfmon.exe                    9876 Console                    1     29.244 K
SecurityHealthSystray.exe    10216 Console                    1     10.412 K
SecurityHealthService.exe     8704 Services                   0     18.976 K
RtkAudUService64.exe          3492 Console                    1     11.236 K
svchost.exe                   8184 Services                   0     13.784 K
NisSrv.exe                    7520 Services                   0     11.792 K
GLPI-AgentMonitor-x64.exe     7388 Console                    1     10.112 K
SearchIndexer.exe            10244 Services                   0     29.984 K
svchost.exe                  11164 Services                   0      7.488 K
AnyDesk-21c6633b.exe          1164 Console                    1     16.908 K
jusched.exe                  11320 Console                    1     21.436 K
WebViewHost.exe              11352 Console                    1     85.416 K
RuntimeBroker.exe            11468 Console                    1     11.020 K
msedgewebview2.exe           11592 Console                    1     24.756 K
msedgewebview2.exe           11628 Console                    1      8.076 K
msedge.exe                   11748 Console                    1    103.740 K
msedge.exe                   11880 Console                    1      8.288 K
msedgewebview2.exe           11944 Console                    1      7.204 K
msedgewebview2.exe           11996 Console                    1      9.876 K
msedgewebview2.exe           12128 Console                    1      2.068 K
msedge.exe                   12248 Console                    1     36.316 K
msedge.exe                   12256 Console                    1     34.820 K
msedgewebview2.exe           10680 Console                    1     10.628 K
msedge.exe                   11256 Console                    1     16.260 K
DataExchangeHost.exe         10832 Console                    1     36.560 K
chrome.exe                    5568 Console                    1    265.024 K
chrome.exe                   10624 Console                    1      8.928 K
chrome.exe                    5688 Console                    1    301.352 K
chrome.exe                    5444 Console                    1     62.160 K
chrome.exe                    5636 Console                    1     19.552 K
OneDrive.exe                  2388 Console                    1    105.676 K
ShellExperienceHost.exe       4480 Console                    1     91.264 K
RuntimeBroker.exe            13200 Console                    1     32.460 K
svchost.exe                  12420 Console                    1     15.256 K
SystemSettingsBroker.exe     12424 Console                    1     38.256 K
svchost.exe                   7008 Services                   0      7.052 K
svchost.exe                   7404 Console                    1      9.312 K
svchost.exe                  12468 Services                   0     12.796 K
msedge.exe                   13652 Console                    1      4.328 K
msedge.exe                   13828 Console                    1     23.096 K
svchost.exe                  13908 Services                   0     13.892 K
svchost.exe                  13108 Services                   0     14.604 K
chrome.exe                    4436 Console                    1    171.308 K
svchost.exe                  13380 Services                   0     20.776 K
svchost.exe                  13248 Console                    1     20.088 K
svchost.exe                   4416 Services                   0     10.316 K
zabbix_agent2.exe            10188 Services                   0     44.456 K
Widgets.exe                    876 Console                    1     54.452 K
svchost.exe                  12716 Services                   0     17.456 K
WidgetService.exe            11236 Console                    1     21.500 K
msedgewebview2.exe           13728 Console                    1     41.464 K
msedgewebview2.exe            3876 Console                    1      8.328 K
msedgewebview2.exe            3000 Console                    1     45.712 K
msedgewebview2.exe           14276 Console                    1     19.656 K
msedgewebview2.exe           12392 Console                    1      7.260 K
msedgewebview2.exe           13028 Console                    1    132.768 K
ApplicationFrameHost.exe      1856 Console                    1     31.348 K
svchost.exe                  12448 Services                   0     22.748 K
jucheck.exe                   7888 Console                    1     17.484 K
chrome.exe                    9484 Console                    1     92.424 K
dllhost.exe                   3636 Console                    1      9.104 K
ms-teams.exe                  3512 Console                    1     25.604 K
RuntimeBroker.exe            12840 Console                    1     14.108 K
msedgewebview2.exe            4956 Console                    1     27.664 K
msedgewebview2.exe           12460 Console                    1      7.712 K
msedgewebview2.exe            8504 Console                    1      3.452 K
msedgewebview2.exe            9716 Console                    1      8.756 K
msedgewebview2.exe           12708 Console                    1      1.172 K
WWAHost.exe                   2220 Console                    1     72.092 K
RuntimeBroker.exe             8972 Console                    1     17.752 K
msedgewebview2.exe            3964 Console                    1      4.336 K
msedgewebview2.exe            9440 Console                    1     35.212 K
ms-teams.exe                  9180 Console                    1     25.784 K
msedgewebview2.exe            7844 Console                    1      1.300 K
taskhostw.exe                 8720 Console                    1     24.832 K
chrome.exe                   15184 Console                    1     63.520 K
chrome.exe                    9348 Console                    1    129.320 K
FileCoAuth.exe               15140 Console                    1     15.664 K
chrome.exe                   13628 Console                    1     46.552 K
chrome.exe                    9136 Console                    1     22.268 K
chrome.exe                    8820 Console                    1    742.600 K
RuntimeBroker.exe             1120 Console                    1     11.420 K
MoNotificationUx.exe          6076 Console                    1     20.372 K
svchost.exe                  12752 Console                    1     12.976 K
svchost.exe                   1200 Services                   0     10.672 K
SystemSettings.exe            6768 Console                    1      1.556 K
svchost.exe                   4580 Console                    1     28.632 K
backgroundTaskHost.exe       10584 Console                    1      1.704 K
chrome.exe                   12944 Console                    1    113.920 K
LockApp.exe                   9548 Console                    1     66.112 K
RuntimeBroker.exe            14040 Console                    1     32.904 K
chrome.exe                   16032 Console                    1    129.616 K
svchost.exe                  15388 Services                   0      5.848 K
WindowsPackageManagerServ    16508 Console                    1     25.376 K
chrome.exe                   16180 Console                    1     81.172 K
chrome.exe                    9260 Console                    1    718.028 K
chrome.exe                   15792 Console                    1    132.124 K
WmiPrvSE.exe                 17124 Services                   0     11.264 K
svchost.exe                  16072 Services                   0      7.168 K
chrome.exe                   14592 Console                    1    111.408 K
chrome.exe                    8028 Console                    1     91.176 K
chrome.exe                    8032 Console                    1     86.256 K
chrome.exe                   14808 Console                    1     55.316 K
chrome.exe                    8564 Console                    1     69.436 K
chrome.exe                    9676 Console                    1     96.368 K
svchost.exe                   2624 Services                   0      6.944 K
chrome.exe                   15188 Console                    1     42.988 K
dllhost.exe                  16060 Console                    1     13.788 K
cmd.exe                      10128 Console                    1      5.208 K
conhost.exe                  17232 Console                    1      8.380 K
OpenConsole.exe              16788 Console                    1     12.296 K
WindowsTerminal.exe          14424 Console                    1     98.616 K
chrome.exe                   16872 Console                    1    101.836 K
cmd.exe                       2580 Console                    1      6.476 K
conhost.exe                   7200 Console                    1      8.388 K
OpenConsole.exe              15624 Console                    1     12.148 K
python.exe                    3564 Console                    1     36.488 K
python.exe                   16480 Console                    1     35.748 K
chrome.exe                   16564 Console                    1    110.280 K
chrome.exe                    2364 Console                    1     17.052 K
chrome.exe                   14476 Console                    1     78.528 K
chrome.exe                    3720 Console                    1    205.700 K
chrome.exe                    4836 Console                    1     29.764 K
svchost.exe                  15168 Services                   0      7.824 K
svchost.exe                   8308 Services                   0     11.636 K
cmd.exe                       5420 Console                    1      4.096 K
tasklist.exe                  8296 Console                    1      9.644 K

Status: CONCLUÍDO
==================================================
